<?xml version="1.0" encoding="UTF-8"?>
<testsuites>
  <testsuite name="/Users/xieheng/gitspace/azurespace/test-php-coverage/tests" tests="6" assertions="5" errors="1" warnings="0" failures="0" skipped="0" time="0.004638">
    <testsuite name="CalculatorTest" file="/Users/xieheng/gitspace/azurespace/test-php-coverage/tests/CalculatorTest.php" tests="5" assertions="4" errors="1" warnings="0" failures="0" skipped="0" time="0.004234">
      <testsuite name="CalculatorTest::testAddNumbers" tests="4" assertions="3" errors="1" warnings="0" failures="0" skipped="0" time="0.003929">
        <testcase name="testAddNumbers with data set #0" class="CalculatorTest" classname="CalculatorTest" file="/Users/xieheng/gitspace/azurespace/test-php-coverage/tests/CalculatorTest.php" line="21" assertions="0" time="0.003116">
          <error type="PHPUnit\Framework\Error\Warning">CalculatorTest::testAddNumbers with data set #0 (2, 2, 4)
The use statement with non-compound name 'InvalidArgumentException' has no effect

/Users/xieheng/gitspace/azurespace/test-php-coverage/src/Calculator.php:3
/Users/xieheng/gitspace/azurespace/test-php-coverage/tests/CalculatorTest.php:7</error>
        </testcase>
        <testcase name="testAddNumbers with data set #1" class="CalculatorTest" classname="CalculatorTest" file="/Users/xieheng/gitspace/azurespace/test-php-coverage/tests/CalculatorTest.php" line="21" assertions="1" time="0.000544"/>
        <testcase name="testAddNumbers with data set #2" class="CalculatorTest" classname="CalculatorTest" file="/Users/xieheng/gitspace/azurespace/test-php-coverage/tests/CalculatorTest.php" line="21" assertions="1" time="0.000146"/>
        <testcase name="testAddNumbers with data set #3" class="CalculatorTest" classname="CalculatorTest" file="/Users/xieheng/gitspace/azurespace/test-php-coverage/tests/CalculatorTest.php" line="21" assertions="1" time="0.000123"/>
      </testsuite>
      <testcase name="testThrowExceptionIfNonNumbericIsPassed" class="CalculatorTest" classname="CalculatorTest" file="/Users/xieheng/gitspace/azurespace/test-php-coverage/tests/CalculatorTest.php" line="30" assertions="1" time="0.000305"/>
    </testsuite>
    <testsuite name="GumballMachineTest" file="/Users/xieheng/gitspace/azurespace/test-php-coverage/tests/GumballMachineTest.php" tests="1" assertions="1" errors="0" warnings="0" failures="0" skipped="0" time="0.000404">
      <testcase name="testTurnWheel" class="GumballMachineTest" classname="GumballMachineTest" file="/Users/xieheng/gitspace/azurespace/test-php-coverage/tests/GumballMachineTest.php" line="8" assertions="1" time="0.000404"/>
    </testsuite>
  </testsuite>
</testsuites>
